<?xml version="1.0" encoding="UTF-8"?>
<testsuite name="WalletTest" tests="1" skipped="0" failures="0" errors="0" timestamp="2021-03-20T08:15:36" hostname="Valans-MacBook-Pro.local" time="0.013">
  <properties/>
  <testcase name="ReturnTrueIfOneDollarIsEqualToItsInrEquivalent()" classname="WalletTest" time="0.013"/>
  <system-out><![CDATA[]]></system-out>
  <system-err><![CDATA[]]></system-err>
</testsuite>
