<?xml version="1.0" encoding="UTF-8"?>
<testsuite name="WalletTest" tests="5" skipped="0" failures="0" errors="0" timestamp="2021-03-20T10:01:34" hostname="Valans-MacBook-Pro.local" time="0.021">
  <properties/>
  <testcase name="shouldReturnWalletBalanceInRupeesAsPreferredCurrency()" classname="WalletTest" time="0.013"/>
  <testcase name="shouldReturnTrueIfOneDollarIsEqualToItsInrEquivalent()" classname="WalletTest" time="0.001"/>
  <testcase name="shouldCreditMoneyInWallet()" classname="WalletTest" time="0.004"/>
  <testcase name="shouldReturnWalletBalanceInDollarAsPreferredCurrency()" classname="WalletTest" time="0.001"/>
  <testcase name="shouldDebitMoneyFromWallet()" classname="WalletTest" time="0.001"/>
  <system-out><![CDATA[]]></system-out>
  <system-err><![CDATA[]]></system-err>
</testsuite>
